2021-04-06T09:55:33.187407717+08:00 - 123123
2021-04-06T09:55:34.187838741+08:00 - 123123
2021-04-06T09:55:35.188196072+08:00 - 123123
2021-04-06T09:55:36.188625471+08:00 - 123123
2021-04-06T10:18:10.970492560+08:00 - 123123
2021-04-06T10:18:11.970884181+08:00 - 123123
2021-04-06T10:18:12.971233030+08:00 - 123123
2021-04-06T10:18:13.971528831+08:00 - 123123
2021-04-06T10:18:50.479086642+08:00 - 123123
2021-04-06T10:18:51.479383034+08:00 - 123123
2021-04-06T10:18:52.479789378+08:00 - 123123
2021-04-06T10:18:56.163486587+08:00 - connection established to 120.241.25.80:465
2021-04-06T10:18:56.305723055+08:00 - 123123
2021-04-06T10:18:57.378476012+08:00 - connection established to 120.241.25.80:465
2021-04-06T10:18:57.507147582+08:00 - 123123
2021-04-06T10:24:59.284322917+08:00 - connection established to 120.241.25.80:465
2021-04-06T10:24:59.501368536+08:00 - 5eee559d-f7c9-4f50-be21-8d1472a58c7f: from=<2443775863@qq.com>
2021-04-06T10:24:59.549290888+08:00 - 5eee559d-f7c9-4f50-be21-8d1472a58c7f: to=<448193918@qq.com>
2021-04-06T10:25:00.394474822+08:00 - 5eee559d-f7c9-4f50-be21-8d1472a58c7f: conn_use=1, status=sent (OK: queued as.)
2021-04-06T10:25:00.407161994+08:00 - 123123
2021-04-06T10:29:49.300964339+08:00 - connection established to 120.241.25.80:465
2021-04-06T10:29:49.499119513+08:00 - 3018de14-f0b0-439a-af58-d15a0b6317c4: from=<2443775863@qq.com>
2021-04-06T10:29:49.567855473+08:00 - 3018de14-f0b0-439a-af58-d15a0b6317c4: to=<448193918@qq.com>
2021-04-06T10:29:50.016897832+08:00 - 3018de14-f0b0-439a-af58-d15a0b6317c4: conn_use=1, status=sent (OK: queued as.)
2021-04-06T10:29:50.035890692+08:00 - 123123
2021-04-06T10:29:51.101843596+08:00 - connection established to 120.241.25.80:465
2021-04-06T10:29:51.286988510+08:00 - 7e03d1b2-8ca2-4c81-a0ba-04f80a8ec138: from=<2443775863@qq.com>
2021-04-06T10:29:51.341080265+08:00 - 7e03d1b2-8ca2-4c81-a0ba-04f80a8ec138: to=<448193918@qq.com>
2021-04-06T10:29:51.768101174+08:00 - 7e03d1b2-8ca2-4c81-a0ba-04f80a8ec138: conn_use=1, status=sent (OK: queued as.)
2021-04-06T10:29:51.785968537+08:00 - 123123
2021-04-06T10:29:52.850340959+08:00 - connection established to 120.241.25.80:465
2021-04-06T10:29:53.027616592+08:00 - bca0d13a-1ace-40ad-9e43-367e42541733: from=<2443775863@qq.com>
2021-04-06T10:29:53.096311797+08:00 - bca0d13a-1ace-40ad-9e43-367e42541733: to=<448193918@qq.com>
2021-04-06T10:29:53.412471508+08:00 - bca0d13a-1ace-40ad-9e43-367e42541733: conn_use=1, status=sent (OK: queued as.)
2021-04-06T10:29:53.428066839+08:00 - 123123
2021-04-06T10:30:21.989800921+08:00 - connection established to 120.241.25.80:465
2021-04-06T10:30:22.195345135+08:00 - 556dd008-e20c-41bc-8e93-81de4a1a3c37: from=<2443775863@qq.com>
2021-04-06T10:30:22.254921325+08:00 - 556dd008-e20c-41bc-8e93-81de4a1a3c37: to=<448193918@qq.com>
2021-04-06T10:30:22.594925539+08:00 - 556dd008-e20c-41bc-8e93-81de4a1a3c37: conn_use=1, status=sent (OK: queued as.)
2021-04-06T10:30:22.613011942+08:00 - 123123
2021-04-06T10:31:10.312581513+08:00 - connection established to 120.241.25.80:465
2021-04-06T10:31:10.476073880+08:00 - c8c78246-3704-48b7-a4b9-b4aea0ec66ec: from=<2443775863@qq.com>
2021-04-06T10:31:10.512818899+08:00 - c8c78246-3704-48b7-a4b9-b4aea0ec66ec: to=<448193918@qq.com>
2021-04-06T10:31:11.088773813+08:00 - c8c78246-3704-48b7-a4b9-b4aea0ec66ec: conn_use=1, status=sent (OK: queued as.)
2021-04-06T10:31:11.102638294+08:00 - 123123
2021-04-06T10:31:12.155063998+08:00 - connection established to 120.241.25.80:465
2021-04-06T10:31:12.329220105+08:00 - 63dd82a9-d87e-4f4b-9dc2-2e5b0fc112d7: from=<2443775863@qq.com>
2021-04-06T10:31:12.390781559+08:00 - 63dd82a9-d87e-4f4b-9dc2-2e5b0fc112d7: to=<448193918@qq.com>
2021-04-06T10:31:12.770053782+08:00 - 63dd82a9-d87e-4f4b-9dc2-2e5b0fc112d7: conn_use=1, status=sent (OK: queued as.)
2021-04-06T10:37:35.510786944+08:00 - 123123
2021-04-06T10:37:36.511128298+08:00 - 123123
2021-04-06T10:37:37.511510858+08:00 - 123123
2021-04-06T10:37:38.511921147+08:00 - 123123
2021-04-06T10:51:53.332970971+08:00 - 123123
2021-04-06T10:51:54.333337963+08:00 - 123123
2021-04-06T11:01:28.115110073+08:00 - connection established to 120.241.25.80:465
2021-04-06T11:01:28.299645728+08:00 - ef8f77d9-0960-4f78-be68-5736f7e796f4: from=<2443775863@qq.com>
2021-04-06T11:01:28.361222309+08:00 - ef8f77d9-0960-4f78-be68-5736f7e796f4: to=<448193918@qq.com>
2021-04-06T11:05:06.592230998+08:00 - 123123
2021-04-06T11:05:07.592705048+08:00 - 123123
2021-04-06T11:05:08.593141655+08:00 - 123123
2021-04-06T11:05:09.593602236+08:00 - 123123
2021-04-06T11:05:10.594006128+08:00 - 123123
2021-04-06T11:08:40.272056433+08:00 - 123123
2021-04-06T11:15:26.400364788+08:00 - 123123
2021-04-06T11:15:27.400791475+08:00 - 123123
2021-04-06T11:15:28.401242979+08:00 - 123123
2021-04-06T11:15:29.401670235+08:00 - 123123
2021-04-06T11:15:30.402012577+08:00 - 123123
2021-04-06T11:15:31.402431409+08:00 - 123123
2021-04-06T11:15:32.402874283+08:00 - 123123
2021-04-06T11:15:33.403283446+08:00 - 123123
2021-04-06T11:15:34.403665329+08:00 - 123123
2021-04-06T11:15:35.404103381+08:00 - 123123
2021-04-06T11:15:36.404516346+08:00 - 123123
2021-04-06T11:15:37.404864275+08:00 - 123123
2021-04-06T11:15:38.405296869+08:00 - 123123
2021-04-06T11:15:39.405684320+08:00 - 123123
2021-04-06T11:15:40.406036405+08:00 - 123123
2021-04-06T11:15:41.406477783+08:00 - 123123
2021-04-06T11:15:42.406936657+08:00 - 123123
2021-04-06T11:18:09.012449179+08:00 - 123123
2021-04-06T11:18:10.012804434+08:00 - 123123
2021-04-06T11:18:51.000522080+08:00 - 123123
2021-04-06T11:18:52.000920254+08:00 - 123123
2021-04-06T11:18:53.001333293+08:00 - 123123
2021-04-06T11:18:54.001738542+08:00 - 123123
2021-04-06T11:18:55.002178170+08:00 - 123123
2021-04-06T11:18:56.002573103+08:00 - 123123
2021-04-06T11:18:57.002970178+08:00 - 123123
2021-04-06T11:18:58.003372772+08:00 - 123123
2021-04-06T11:18:59.003737703+08:00 - 123123
2021-04-06T11:19:00.004115196+08:00 - 123123
2021-04-06T11:19:01.004471026+08:00 - 123123
2021-04-06T11:19:10.692796646+08:00 - 123123
2021-04-06T11:19:11.693137116+08:00 - 123123
2021-04-06T11:19:12.693493728+08:00 - 123123
2021-04-06T11:19:13.693842382+08:00 - 123123
2021-04-06T11:19:14.694288498+08:00 - 123123
2021-04-06T11:19:15.694605428+08:00 - 123123
2021-04-06T11:19:16.694999704+08:00 - 123123
2021-04-06T11:19:17.695393965+08:00 - 123123
2021-04-06T11:19:18.695811151+08:00 - 123123
2021-04-06T11:19:19.696145460+08:00 - 123123
2021-04-06T11:19:20.696528869+08:00 - 123123
2021-04-06T11:19:21.696937946+08:00 - 123123
2021-04-06T11:19:22.697324598+08:00 - 123123
2021-04-06T11:19:23.697618130+08:00 - 123123
2021-04-06T11:19:24.697998351+08:00 - 123123
2021-04-06T11:19:25.698413873+08:00 - 123123
2021-04-06T11:19:26.698784851+08:00 - 123123
2021-04-06T11:19:27.699167018+08:00 - 123123
2021-04-06T11:19:28.699486400+08:00 - 123123
2021-04-06T11:19:29.699859349+08:00 - 123123
2021-04-06T11:19:30.700186736+08:00 - 123123
2021-04-06T11:19:31.700592747+08:00 - 123123
2021-04-06T11:19:32.700910794+08:00 - 123123
2021-04-06T11:19:33.701292509+08:00 - 123123
2021-04-06T11:19:34.701620011+08:00 - 123123
2021-04-06T11:19:35.702011928+08:00 - 123123
2021-04-06T11:19:36.702338096+08:00 - 123123
2021-04-06T11:19:37.702692374+08:00 - 123123
2021-04-06T11:19:38.703095913+08:00 - 123123
2021-04-06T11:19:39.703591633+08:00 - 123123
2021-04-06T11:19:40.704019672+08:00 - 123123
2021-04-06T11:19:41.704449232+08:00 - 123123
2021-04-06T11:19:42.704980206+08:00 - 123123
2021-04-06T11:19:43.705508109+08:00 - 123123
2021-04-06T11:19:44.705922051+08:00 - 123123
2021-04-06T11:19:45.706337703+08:00 - 123123
2021-04-06T11:19:46.706865798+08:00 - 123123
2021-04-06T11:19:57.362146427+08:00 - 123123
2021-04-06T11:19:58.362631506+08:00 - 123123
2021-04-06T11:19:59.363092762+08:00 - 123123
2021-04-06T11:20:00.450196002+08:00 - connection established to 120.241.25.80:465
2021-04-06T11:20:00.617558536+08:00 - e9f86fed-c8cc-4f67-b91b-9fe4e4cc265c: from=<2443775863@qq.com>
2021-04-06T11:20:00.663379035+08:00 - e9f86fed-c8cc-4f67-b91b-9fe4e4cc265c: to=<448193918@qq.com>
2021-04-06T11:20:01.002728376+08:00 - e9f86fed-c8cc-4f67-b91b-9fe4e4cc265c: conn_use=1, status=sent (OK: queued as.)
2021-04-06T11:20:01.012716290+08:00 - 123123
2021-04-06T11:20:02.013083944+08:00 - 123123
2021-04-06T11:20:03.013532412+08:00 - 123123
2021-04-06T11:20:04.014027817+08:00 - 123123
2021-04-06T11:20:05.014514503+08:00 - 123123
2021-04-06T11:20:06.014859983+08:00 - 123123
2021-04-06T11:20:07.015229596+08:00 - 123123
2021-04-06T11:20:08.015664422+08:00 - 123123
2021-04-06T11:20:20.182942953+08:00 - 123123
2021-04-06T11:20:21.183396302+08:00 - 123123
2021-04-06T11:20:22.183880049+08:00 - 123123
2021-04-07T10:12:50.960886658+08:00 - 123123
2021-04-07T10:12:51.961290270+08:00 - 123123
2021-04-07T10:12:52.961730597+08:00 - 123123
2021-04-07T10:12:53.962149549+08:00 - 123123
2021-04-07T10:12:54.962648455+08:00 - 123123
2021-04-07T10:12:55.963167376+08:00 - 123123
2021-04-07T10:12:56.963611634+08:00 - 123123
